
Jul 21, 2022 08:26:18.812 NEW SESSION
Jul 21, 2022 08:26:18.812 [6124:3004:0721/082618.807:ERROR:device_event_log_impl.cc(214)] [08:26:18.807] USB: usb_device_handle_win.cc:1048 Failed to read descriptor from node connection: A device attached to the system is not functioning. (0x1F)
Jul 21, 2022 08:26:18.840 [6124:3004:0721/082618.809:ERROR:device_event_log_impl.cc(214)] [08:26:18.809] USB: usb_device_handle_win.cc:1048 Failed to read descriptor from node connection: A device attached to the system is not functioning. (0x1F)
Jul 21, 2022 08:26:21.198 [6124:11360:0721/082621.181:ERROR:connection_factory_impl.cc(425)] Failed to connect to MCS endpoint with error -105
Jul 21, 2022 08:26:44.985 [6124:11360:0721/082644.984:ERROR:connection_factory_impl.cc(425)] Failed to connect to MCS endpoint with error -105
Jul 21, 2022 08:27:16.98 [6124:15424:0721/082716.098:ERROR:util.cc(127)] Can't create base directory: C:\Program Files\Google\GoogleUpdater
Jul 21, 2022 08:27:31.830 [6124:11360:0721/082731.829:ERROR:connection_factory_impl.cc(425)] Failed to connect to MCS endpoint with error -105
Jul 21, 2022 08:28:42.395 [6124:11360:0721/082842.395:ERROR:connection_factory_impl.cc(425)] Failed to connect to MCS endpoint with error -105
Jul 21, 2022 08:30:37.782 [14088:5660:0721/083037.781:ERROR:device_event_log_impl.cc(214)] [08:30:37.781] USB: usb_device_handle_win.cc:1048 Failed to read descriptor from node connection: A device attached to the system is not functioning. (0x1F)
Jul 21, 2022 08:30:37.814 [14088:5660:0721/083037.784:ERROR:device_event_log_impl.cc(214)] [08:30:37.784] USB: usb_device_handle_win.cc:1048 Failed to read descriptor from node connection: A device attached to the system is not functioning. (0x1F)
Jul 21, 2022 08:31:37.165 [10744:18288:0721/083137.165:ERROR:device_event_log_impl.cc(214)] [08:31:37.164] USB: usb_device_handle_win.cc:1048 Failed to read descriptor from node connection: A device attached to the system is not functioning. (0x1F)
Jul 21, 2022 08:31:38.212 [10744:18288:0721/083137.170:ERROR:device_event_log_impl.cc(214)] [08:31:37.169] USB: usb_device_handle_win.cc:1048 Failed to read descriptor from node connection: A device attached to the system is not functioning. (0x1F)
Jul 21, 2022 08:32:34.240 [10744:17692:0721/083234.240:ERROR:util.cc(127)] Can't create base directory: C:\Program Files\Google\GoogleUpdater
Jul 21, 2022 21:37:19.810 [10744:6876:0721/213719.534:ERROR:util.cc(127)] Can't create base directory: C:\Program Files\Google\GoogleUpdater
Jul 21, 2022 22:13:10.392 [10744:18288:0721/221310.392:ERROR:device_event_log_impl.cc(214)] [22:13:10.391] USB: usb_service_win.cc:104 SetupDiGetDeviceProperty({{A45C254E-DF1C-4EFD-8020-67D146A850E0}, 6}) failed: Element not found. (0x490)

Jul 23, 2022 16:31:41.502 NEW SESSION
Jul 23, 2022 16:31:41.502 [21584:16404:0723/163141.497:ERROR:device_event_log_impl.cc(214)] [16:31:41.497] USB: usb_device_handle_win.cc:1048 Failed to read descriptor from node connection: A device attached to the system is not functioning. (0x1F)
Jul 23, 2022 16:31:41.505 [21584:16404:0723/163141.497:ERROR:device_event_log_impl.cc(214)] [16:31:41.497] USB: usb_device_handle_win.cc:1048 Failed to read descriptor from node connection: A device attached to the system is not functioning. (0x1F)
Jul 23, 2022 16:32:37.874 [21584:5096:0723/163237.874:ERROR:util.cc(127)] Can't create base directory: C:\Program Files\Google\GoogleUpdater

Jul 23, 2022 17:01:59.81 NEW SESSION
Jul 23, 2022 17:01:59.81 [12440:2688:0723/170159.080:ERROR:device_event_log_impl.cc(214)] [17:01:59.080] USB: usb_device_handle_win.cc:1048 Failed to read descriptor from node connection: A device attached to the system is not functioning. (0x1F)
Jul 23, 2022 17:01:59.97 [12440:2688:0723/170159.080:ERROR:device_event_log_impl.cc(214)] [17:01:59.080] USB: usb_device_handle_win.cc:1048 Failed to read descriptor from node connection: A device attached to the system is not functioning. (0x1F)
Jul 23, 2022 17:24:29.971 [15756:15916:0723/172429.970:ERROR:device_event_log_impl.cc(214)] [17:24:29.970] USB: usb_device_handle_win.cc:1048 Failed to read descriptor from node connection: A device attached to the system is not functioning. (0x1F)
Jul 23, 2022 17:24:29.975 [15756:15916:0723/172429.971:ERROR:device_event_log_impl.cc(214)] [17:24:29.971] USB: usb_device_handle_win.cc:1048 Failed to read descriptor from node connection: A device attached to the system is not functioning. (0x1F)
Jul 23, 2022 17:25:26.280 [15756:15420:0723/172526.279:ERROR:util.cc(127)] Can't create base directory: C:\Program Files\Google\GoogleUpdater
Jul 23, 2022 17:26:28.943 [10848:5996:0723/172628.943:ERROR:device_event_log_impl.cc(214)] [17:26:28.943] USB: usb_device_handle_win.cc:1048 Failed to read descriptor from node connection: A device attached to the system is not functioning. (0x1F)
Jul 23, 2022 17:26:28.973 [10848:5996:0723/172628.943:ERROR:device_event_log_impl.cc(214)] [17:26:28.943] USB: usb_device_handle_win.cc:1048 Failed to read descriptor from node connection: A device attached to the system is not functioning. (0x1F)
Jul 23, 2022 17:36:47.396 [15832:5136:0723/173647.147:ERROR:device_event_log_impl.cc(214)] [17:36:47.148] USB: usb_device_handle_win.cc:1048 Failed to read descriptor from node connection: A device attached to the system is not functioning. (0x1F)
Jul 23, 2022 17:36:47.402 [15832:5136:0723/173647.147:ERROR:device_event_log_impl.cc(214)] [17:36:47.148] USB: usb_device_handle_win.cc:1048 Failed to read descriptor from node connection: A device attached to the system is not functioning. (0x1F)
Jul 23, 2022 17:37:43.928 [15832:15344:0723/173743.927:ERROR:util.cc(127)] Can't create base directory: C:\Program Files\Google\GoogleUpdater
Jul 23, 2022 19:26:18.277 [15832:16228:0723/192618.277:ERROR:connection_factory_impl.cc(425)] Failed to connect to MCS endpoint with error -105
Jul 23, 2022 19:26:44.366 [15832:16228:0723/192644.366:ERROR:connection_factory_impl.cc(425)] Failed to connect to MCS endpoint with error -105
Jul 23, 2022 19:27:29.977 [15832:16228:0723/192729.976:ERROR:connection_factory_impl.cc(425)] Failed to connect to MCS endpoint with error -105
Jul 23, 2022 19:29:07.236 [15832:16228:0723/192907.235:ERROR:connection_factory_impl.cc(425)] Failed to connect to MCS endpoint with error -105
Jul 23, 2022 19:31:59.301 [15832:16228:0723/193159.301:ERROR:connection_factory_impl.cc(425)] Failed to connect to MCS endpoint with error -105
Jul 23, 2022 19:33:47.987 [15832:16228:0723/193347.987:ERROR:connection_factory_impl.cc(425)] Failed to connect to MCS endpoint with error -105
Jul 23, 2022 21:45:38.763 [16928:2352:0723/214538.763:ERROR:device_event_log_impl.cc(214)] [21:45:38.763] USB: usb_device_handle_win.cc:1048 Failed to read descriptor from node connection: A device attached to the system is not functioning. (0x1F)
Jul 23, 2022 21:45:38.769 [16928:2352:0723/214538.763:ERROR:device_event_log_impl.cc(214)] [21:45:38.763] USB: usb_device_handle_win.cc:1048 Failed to read descriptor from node connection: A device attached to the system is not functioning. (0x1F)
Jul 23, 2022 21:46:35.820 [16928:7832:0723/214635.820:ERROR:util.cc(127)] Can't create base directory: C:\Program Files\Google\GoogleUpdater
Jul 23, 2022 21:56:31.703 [9196:14344:0723/215631.702:ERROR:device_event_log_impl.cc(214)] [21:56:31.702] USB: usb_device_handle_win.cc:1048 Failed to read descriptor from node connection: A device attached to the system is not functioning. (0x1F)
Jul 23, 2022 21:56:31.712 [9196:14344:0723/215631.702:ERROR:device_event_log_impl.cc(214)] [21:56:31.703] USB: usb_device_handle_win.cc:1048 Failed to read descriptor from node connection: A device attached to the system is not functioning. (0x1F)
Jul 23, 2022 21:57:28.708 [9196:16784:0723/215728.707:ERROR:util.cc(127)] Can't create base directory: C:\Program Files\Google\GoogleUpdater
Jul 23, 2022 22:00:54.762 [15172:17236:0723/220054.761:ERROR:device_event_log_impl.cc(214)] [22:00:54.761] USB: usb_device_handle_win.cc:1048 Failed to read descriptor from node connection: A device attached to the system is not functioning. (0x1F)
Jul 23, 2022 22:00:54.766 [15172:17236:0723/220054.762:ERROR:device_event_log_impl.cc(214)] [22:00:54.762] USB: usb_device_handle_win.cc:1048 Failed to read descriptor from node connection: A device attached to the system is not functioning. (0x1F)
Jul 23, 2022 22:07:30.648 [18328:15092:0723/220730.647:ERROR:device_event_log_impl.cc(214)] [22:07:30.646] USB: usb_device_handle_win.cc:1048 Failed to read descriptor from node connection: A device attached to the system is not functioning. (0x1F)
Jul 23, 2022 22:07:30.655 [18328:15092:0723/220730.647:ERROR:device_event_log_impl.cc(214)] [22:07:30.647] USB: usb_device_handle_win.cc:1048 Failed to read descriptor from node connection: A device attached to the system is not functioning. (0x1F)
Jul 23, 2022 22:08:27.640 [18328:11272:0723/220827.639:ERROR:util.cc(127)] Can't create base directory: C:\Program Files\Google\GoogleUpdater

Jul 24, 2022 24:30:11.680 NEW SESSION
Jul 24, 2022 24:30:11.680 [18596:14460:0724/003011.678:ERROR:device_event_log_impl.cc(214)] [00:30:11.679] USB: usb_device_handle_win.cc:1048 Failed to read descriptor from node connection: A device attached to the system is not functioning. (0x1F)
Jul 24, 2022 24:30:11.685 [18596:14460:0724/003011.679:ERROR:device_event_log_impl.cc(214)] [00:30:11.679] USB: usb_device_handle_win.cc:1048 Failed to read descriptor from node connection: A device attached to the system is not functioning. (0x1F)
Jul 24, 2022 24:31:07.797 [18596:19012:0724/003107.796:ERROR:util.cc(127)] Can't create base directory: C:\Program Files\Google\GoogleUpdater
Jul 24, 2022 24:31:49.866 [14200:18152:0724/003149.866:ERROR:device_event_log_impl.cc(214)] [00:31:49.865] USB: usb_device_handle_win.cc:1048 Failed to read descriptor from node connection: A device attached to the system is not functioning. (0x1F)
Jul 24, 2022 24:31:49.875 [14200:18152:0724/003149.866:ERROR:device_event_log_impl.cc(214)] [00:31:49.865] USB: usb_device_handle_win.cc:1048 Failed to read descriptor from node connection: A device attached to the system is not functioning. (0x1F)
Jul 24, 2022 24:32:46.218 [14200:15140:0724/003246.218:ERROR:util.cc(127)] Can't create base directory: C:\Program Files\Google\GoogleUpdater

Jul 24, 2022 09:38:43.106 NEW SESSION
Jul 24, 2022 09:38:43.106 [18232:19412:0724/093843.105:ERROR:device_event_log_impl.cc(214)] [09:38:43.105] USB: usb_device_handle_win.cc:1048 Failed to read descriptor from node connection: A device attached to the system is not functioning. (0x1F)
Jul 24, 2022 09:38:43.132 [18232:19412:0724/093843.105:ERROR:device_event_log_impl.cc(214)] [09:38:43.106] USB: usb_device_handle_win.cc:1048 Failed to read descriptor from node connection: A device attached to the system is not functioning. (0x1F)
Jul 24, 2022 09:39:40.389 [18232:18668:0724/093940.388:ERROR:util.cc(127)] Can't create base directory: C:\Program Files\Google\GoogleUpdater
Jul 24, 2022 09:40:01.288 [14380:2096:0724/094001.287:ERROR:device_event_log_impl.cc(214)] [09:40:01.287] USB: usb_device_handle_win.cc:1048 Failed to read descriptor from node connection: A device attached to the system is not functioning. (0x1F)
Jul 24, 2022 09:40:01.299 [14380:2096:0724/094001.288:ERROR:device_event_log_impl.cc(214)] [09:40:01.288] USB: usb_device_handle_win.cc:1048 Failed to read descriptor from node connection: A device attached to the system is not functioning. (0x1F)
Jul 24, 2022 09:40:12.188 [17184:14592:0724/094012.188:ERROR:device_event_log_impl.cc(214)] [09:40:12.188] USB: usb_device_handle_win.cc:1048 Failed to read descriptor from node connection: A device attached to the system is not functioning. (0x1F)
Jul 24, 2022 09:40:12.193 [17184:14592:0724/094012.188:ERROR:device_event_log_impl.cc(214)] [09:40:12.188] USB: usb_device_handle_win.cc:1048 Failed to read descriptor from node connection: A device attached to the system is not functioning. (0x1F)
Jul 24, 2022 09:41:09.402 [17184:9608:0724/094109.401:ERROR:util.cc(127)] Can't create base directory: C:\Program Files\Google\GoogleUpdater

Jul 24, 2022 10:24:54.658 NEW SESSION
Jul 24, 2022 10:24:54.658 [14268:14204:0724/102454.657:ERROR:device_event_log_impl.cc(214)] [10:24:54.657] USB: usb_device_handle_win.cc:1048 Failed to read descriptor from node connection: A device attached to the system is not functioning. (0x1F)
Jul 24, 2022 10:24:54.668 [14268:14204:0724/102454.657:ERROR:device_event_log_impl.cc(214)] [10:24:54.657] USB: usb_device_handle_win.cc:1048 Failed to read descriptor from node connection: A device attached to the system is not functioning. (0x1F)
Jul 24, 2022 10:25:51.355 [14268:16936:0724/102551.355:ERROR:util.cc(127)] Can't create base directory: C:\Program Files\Google\GoogleUpdater
